This is pdfTeX, Version 3.14159265-2.6-1.40.18 (TeX Live 2017/Debian) (preloaded format=pdflatex 2018.12.1)  19 MAR 2019 19:31
entering extended mode
 restricted \write18 enabled.
 %&-line parsing enabled.
**TeXiS_cover.tex
(./TeXiS_cover.tex
LaTeX2e <2017-04-15>
Babel <3.18> and hyphenation patterns for 10 language(s) loaded.
)
! Emergency stop.
<*> TeXiS_cover.tex
                   
*** (job aborted, no legal \end found)

 
Here is how much of TeX's memory you used:
 47 strings out of 494788
 789 string characters out of 6177222
 46750 words of memory out of 5000000
 3478 multiletter control sequences out of 15000+600000
 3640 words of font info for 14 fonts, out of 8000000 for 9000
 85 hyphenation exceptions out of 8191
 7i,0n,6p,108b,8s stack positions out of 5000i,500n,10000p,200000b,80000s
!  ==> Fatal error occurred, no output PDF file produced!
